<?xml version="1.0" encoding="UTF-8"?>
<testsuite name="com.example.trading.TradingApplicationTests" tests="1" skipped="0" failures="0" errors="0" timestamp="2024-02-01T17:42:20" hostname="M-C02DX5GPMD6R.nordstrom.net" time="0.908">
  <properties/>
  <testcase name="contextLoads()" classname="com.example.trading.TradingApplicationTests" time="0.908"/>
  <system-out><![CDATA[11:42:17.494 [Test worker] INFO org.springframework.test.context.support.AnnotationConfigContextLoaderUtils -- Could not detect default configuration classes for test class [com.example.trading.TradingApplicationTests]: TradingApplicationTests does not declare any static, non-private, non-final, nested classes annotated with @Configuration.
11:42:17.612 [Test worker] INFO org.springframework.boot.test.context.SpringBootTestContextBootstrapper -- Found @SpringBootConfiguration com.example.trading.TradingApplication for test class com.example.trading.TradingApplicationTests

  .   ____          _            __ _ _
 /\\ / ___'_ __ _ _(_)_ __  __ _ \ \ \ \
( ( )\___ | '_ | '_| | '_ \/ _` | \ \ \ \
 \\/  ___)| |_)| | | | | || (_| |  ) ) ) )
  '  |____| .__|_| |_|_| |_\__, | / / / /
 =========|_|==============|___/=/_/_/_/
 :: Spring Boot ::                (v3.2.2)

2024-02-01T11:42:18.027-06:00  INFO 86169 --- [    Test worker] c.e.trading.TradingApplicationTests      : Starting TradingApplicationTests using Java 21.0.1 with PID 86169 (started by fiyd in /Users/fiyd/Downloads/trading)
2024-02-01T11:42:18.030-06:00  INFO 86169 --- [    Test worker] c.e.trading.TradingApplicationTests      : No active profile set, falling back to 1 default profile: "default"
2024-02-01T11:42:18.858-06:00  INFO 86169 --- [    Test worker] n.j.alpaca.util.properties.PropertyUtil  : Using default properties for: alpaca.properties
2024-02-01T11:42:19.484-06:00  INFO 86169 --- [aca.markets/...] n.j.alpaca.websocket.AlpacaWebsocket     : Stock Market Data websocket opened.
2024-02-01T11:42:19.487-06:00  INFO 86169 --- [onPool-worker-1] n.j.a.w.marketdata.MarketDataWebsocket   : Stock Market Data websocket sending authentication message...
SUCCESS : net.jacobpeterson.alpaca.model.endpoint.marketdata.common.realtime.control.SuccessMessage@cb8fd59[messageType=success,message=connected]
2024-02-01T11:42:19.559-06:00  INFO 86169 --- [aca.markets/...] n.j.a.w.marketdata.MarketDataWebsocket   : Stock Market Data websocket authenticated.
SUCCESS : net.jacobpeterson.alpaca.model.endpoint.marketdata.common.realtime.control.SuccessMessage@584c6ccc[messageType=success,message=authenticated]
2024-02-01T11:42:19.561-06:00  INFO 86169 --- [    Test worker] n.j.a.w.marketdata.MarketDataWebsocket   : Requested subscriptions update: {"action":"subscribe","trades":["AAPL","MSFT","IBM","GOOG"],"bars":["*"]}.
SUBSCRIPTION : net.jacobpeterson.alpaca.model.endpoint.marketdata.common.realtime.control.SubscriptionsMessage@2a04b388[messageType=subscription,trades=[AAPL, GOOG, IBM, MSFT],quotes=[],bars=[*]]
2024-02-01T11:42:20.023-06:00  INFO 86169 --- [    Test worker] c.e.trading.TradingApplicationTests      : Started TradingApplicationTests in 2.242 seconds (process running for 3.651)
TRADE : net.jacobpeterson.alpaca.model.endpoint.marketdata.stock.realtime.trade.StockTradeMessage@935ee97[messageType=t,symbol=AAPL,tradeID=8073,price=185.9,timestamp=2024-02-01T17:42:20.728193894Z,exchange=V,size=67,conditions=[@, I],tape=C]
]]></system-out>
  <system-err><![CDATA[WARNING: A Java agent has been loaded dynamically (/Users/fiyd/.gradle/caches/modules-2/files-2.1/net.bytebuddy/byte-buddy-agent/1.14.11/f9cb566608fbac6bc7bf54901a7aa11543a989ee/byte-buddy-agent-1.14.11.jar)
WARNING: If a serviceability tool is in use, please run with -XX:+EnableDynamicAgentLoading to hide this warning
WARNING: If a serviceability tool is not in use, please run with -Djdk.instrument.traceUsage for more information
WARNING: Dynamic loading of agents will be disallowed by default in a future release
]]></system-err>
</testsuite>
